<?xml version="1.0" encoding="UTF-8"?>
<!-- Generated by org.testng.reporters.JUnitReportReporter -->
<testsuite hostname="Jaggu" failures="0" tests="1" name="com.mystore.testcases.FirstTest" time="12.502" errors="0" timestamp="2024-08-03T10:47:48 IST" skipped="0">
  <testcase classname="com.mystore.testcases.FirstTest" name="firsetTestCase" time="12.502"/>
</testsuite> <!-- com.mystore.testcases.FirstTest -->
